[0] What year was Jane Austen born?: 'KeywordSearchTool' object has no attribute 'search'
[1] What novel did Jane Austen write that was published in 1813?: 'KeywordSearchTool' object has no attribute 'search'
[2] Where was Jane Austen born?: 'KeywordSearchTool' object has no attribute 'search'
[3] In what country was Jane Austen born?: 'KeywordSearchTool' object has no attribute 'search'
[4] Who wrote 'Pride and Prejudice' and where were they born?: 'KeywordSearchTool' object has no attribute 'search'
[5] What year was Marie Curie born?: 'KeywordSearchTool' object has no attribute 'search'
[6] What elements did Marie Curie discover?: 'KeywordSearchTool' object has no attribute 'search'
[7] In what country was Marie Curie born?: 'KeywordSearchTool' object has no attribute 'search'
[8] What Nobel Prizes did Marie Curie win?: 'KeywordSearchTool' object has no attribute 'search'
[9] Who discovered radium and in what year were they born?: 'KeywordSearchTool' object has no attribute 'search'
[10] What year was Beethoven born?: 'KeywordSearchTool' object has no attribute 'search'
[11] How many symphonies did Beethoven compose?: 'KeywordSearchTool' object has no attribute 'search'
[12] What was Beethoven's most famous symphony?: 'KeywordSearchTool' object has no attribute 'search'
[13] What physical challenge did Beethoven face?: 'KeywordSearchTool' object has no attribute 'search'
[14] Who composed 9 symphonies and was born in Germany?: 'KeywordSearchTool' object has no attribute 'search'
[15] What year was Muhammad Ali born?: 'KeywordSearchTool' object has no attribute 'search'
[16] What was Muhammad Ali's birth name?: 'KeywordSearchTool' object has no attribute 'search'
[17] How many times did Muhammad Ali win the heavyweight title?: 'KeywordSearchTool' object has no attribute 'search'
[18] What is Muhammad Ali's famous catchphrase?: 'KeywordSearchTool' object has no attribute 'search'
[19] Who won the heavyweight title three times and was born in 19: 'KeywordSearchTool' object has no attribute 'search'
[20] When was Cleopatra born?: 'KeywordSearchTool' object has no attribute 'search'
[21] Who was the last ruler of the Ptolemaic Kingdom?: 'KeywordSearchTool' object has no attribute 'search'
[22] Who did Cleopatra ally with?: 'KeywordSearchTool' object has no attribute 'search'
[23] Where was Cleopatra born?: 'KeywordSearchTool' object has no attribute 'search'
[24] Who was the last Ptolemaic ruler and born in 69 BC?: 'KeywordSearchTool' object has no attribute 'search'
[25] What year was Alan Turing born?: 'KeywordSearchTool' object has no attribute 'search'
[26] What concept did Alan Turing develop?: 'KeywordSearchTool' object has no attribute 'search'
[27] What code did Alan Turing help break?: 'KeywordSearchTool' object has no attribute 'search'
[28] Where was Alan Turing born?: 'KeywordSearchTool' object has no attribute 'search'
[29] Who developed the Turing machine and was born in 1912?: 'KeywordSearchTool' object has no attribute 'search'
[30] What year was Leonardo da Vinci born?: 'KeywordSearchTool' object has no attribute 'search'
[31] What is Leonardo da Vinci's most famous painting?: 'KeywordSearchTool' object has no attribute 'search'
[32] What did Leonardo da Vinci design?: 'KeywordSearchTool' object has no attribute 'search'
[33] Where was Leonardo da Vinci born?: 'KeywordSearchTool' object has no attribute 'search'
[34] Who painted the Mona Lisa and was born in 1452?: 'KeywordSearchTool' object has no attribute 'search'
[35] What is the largest river by discharge volume?: 'KeywordSearchTool' object has no attribute 'search'
[36] What continents does the Amazon River flow through?: 'KeywordSearchTool' object has no attribute 'search'
[37] Which countries does the Amazon River flow through?: 'KeywordSearchTool' object has no attribute 'search'
[38] How large is the Amazon basin?: 'KeywordSearchTool' object has no attribute 'search'
[39] What is the name of the river with a 7 million sq km basin i: 'KeywordSearchTool' object has no attribute 'search'
[40] What year was Charles Darwin born?: 'KeywordSearchTool' object has no attribute 'search'
[41] What theory did Charles Darwin develop?: 'KeywordSearchTool' object has no attribute 'search'
[42] What book did Darwin publish in 1859?: 'KeywordSearchTool' object has no attribute 'search'
[43] Where was Charles Darwin born?: 'KeywordSearchTool' object has no attribute 'search'
[44] Who developed the theory of evolution and was born in 1809?: 'KeywordSearchTool' object has no attribute 'search'
[45] Which planet is known as the Red Planet?: 'KeywordSearchTool' object has no attribute 'search'
[46] What is the tallest mountain in the solar system?: 'KeywordSearchTool' object has no attribute 'search'
[47] What are the moons of Mars called?: 'KeywordSearchTool' object has no attribute 'search'
[48] How many moons does Mars have?: 'KeywordSearchTool' object has no attribute 'search'
[49] Which planet has the mountain Olympus Mons?: 'KeywordSearchTool' object has no attribute 'search'
